<?xml version="1.0" encoding="utf-8"?><testsuites name="pytest tests"><testsuite name="pytest" errors="0" failures="0" skipped="0" tests="14" time="2.310" timestamp="2026-02-26T20:13:56.776560+00:00" hostname="agent-env-30016674-cd0c-406d-92c3-15370c8a2452"><testcase classname="backend.tests.test_manual_reservations.TestManualReservationEndpoint" name="test_create_manual_reservation_minimal_fields" time="0.210" /><testcase classname="backend.tests.test_manual_reservations.TestManualReservationEndpoint" name="test_create_manual_reservation_with_email" time="0.132" /><testcase classname="backend.tests.test_manual_reservations.TestManualReservationEndpoint" name="test_create_manual_reservation_with_observations" time="0.172" /><testcase classname="backend.tests.test_manual_reservations.TestManualReservationEndpoint" name="test_manual_reservation_requires_auth" time="0.127" /><testcase classname="backend.tests.test_manual_reservations.TestManualReservationEndpoint" name="test_manual_reservation_rejects_wrong_credentials" time="0.206" /><testcase classname="backend.tests.test_manual_reservations.TestManualReservationEndpoint" name="test_manual_reservation_requires_name" time="0.153" /><testcase classname="backend.tests.test_manual_reservations.TestManualReservationEndpoint" name="test_manual_reservation_requires_phone" time="0.124" /><testcase classname="backend.tests.test_manual_reservations.TestManualReservationEndpoint" name="test_manual_reservation_bypasses_availability_checks" time="0.175" /><testcase classname="backend.tests.test_manual_reservations.TestManualReservationEndpoint" name="test_manual_reservation_bypasses_time_slot_validation" time="0.111" /><testcase classname="backend.tests.test_manual_reservations.TestGetAdminReservationsWithSource" name="test_get_reservations_includes_source_field" time="0.126" /><testcase classname="backend.tests.test_manual_reservations.TestGetAdminReservationsWithSource" name="test_online_reservation_has_online_source" time="0.264" /><testcase classname="backend.tests.test_manual_reservations.TestManualReservationValidation" name="test_name_min_length_validation" time="0.112" /><testcase classname="backend.tests.test_manual_reservations.TestManualReservationValidation" name="test_phone_min_length_validation" time="0.123" /><testcase classname="backend.tests.test_manual_reservations.TestManualReservationValidation" name="test_guests_max_validation" time="0.157" /></testsuite></testsuites>